[0.048s] DEBUG:colcon:Command line arguments: ['/usr/bin/colcon', 'build', '--cmake-args', '-DROS_EDITION=ROS2', '-DDISTRO_ROS=jazzy']
[0.048s] DEBUG:colcon:Parsed command line arguments: Namespace(log_base=None, log_level=None, verb_name='build', build_base='build', install_base='install', merge_install=False, symlink_install=False, test_result_base=None, continue_on_error=False, executor='parallel', parallel_workers=28, event_handlers=None, ignore_user_meta=False, metas=['./colcon.meta'], base_paths=['.'], packages_ignore=None, packages_ignore_regex=None, paths=None, packages_up_to=None, packages_up_to_regex=None, packages_above=None, packages_above_and_dependencies=None, packages_above_depth=None, packages_select_by_dep=None, packages_skip_by_dep=None, packages_skip_up_to=None, packages_select_build_failed=False, packages_skip_build_finished=False, packages_select_test_failures=False, packages_skip_test_passed=False, packages_select=None, packages_skip=None, packages_select_regex=None, packages_skip_regex=None, packages_start=None, packages_end=None, allow_overriding=[], cmake_args=['-DROS_EDITION=ROS2', '-DDISTRO_ROS=jazzy'], cmake_target=None, cmake_target_skip_unavailable=False, cmake_clean_cache=False, cmake_clean_first=False, cmake_force_configure=False, ament_cmake_args=None, catkin_cmake_args=None, catkin_skip_building_tests=False, verb_parser=<colcon_defaults.argument_parser.defaults.DefaultArgumentsDecorator object at 0x7e4f6a62a9c0>, verb_extension=<colcon_core.verb.build.BuildVerb object at 0x7e4f6a62a630>, main=<bound method BuildVerb.main of <colcon_core.verb.build.BuildVerb object at 0x7e4f6a62a630>>)
[0.066s] Level 1:colcon.colcon_core.package_discovery:discover_packages(colcon_meta) check parameters
[0.066s] Level 1:colcon.colcon_core.package_discovery:discover_packages(recursive) check parameters
[0.067s] Level 1:colcon.colcon_core.package_discovery:discover_packages(ignore) check parameters
[0.067s] Level 1:colcon.colcon_core.package_discovery:discover_packages(path) check parameters
[0.067s] Level 1:colcon.colcon_core.package_discovery:discover_packages(colcon_meta) discover
[0.067s] Level 1:colcon.colcon_core.package_discovery:discover_packages(recursive) discover
[0.067s] INFO:colcon.colcon_core.package_discovery:Crawling recursively for packages in '/home/CNF2025495045/workspace/nav_for_4WS/src/fast_lio/depends/ws_livox'
[0.067s] Level 1:colcon.colcon_core.package_identification:_identify(.) by extensions ['ignore', 'ignore_ament_install']
[0.067s] Level 1:colcon.colcon_core.package_identification:_identify(.) by extension 'ignore'
[0.067s] Level 1:colcon.colcon_core.package_identification:_identify(.) by extension 'ignore_ament_install'
[0.067s] Level 1:colcon.colcon_core.package_identification:_identify(.) by extensions ['colcon_pkg']
[0.067s] Level 1:colcon.colcon_core.package_identification:_identify(.) by extension 'colcon_pkg'
[0.067s] Level 1:colcon.colcon_core.package_identification:_identify(.) by extensions ['colcon_meta']
[0.067s] Level 1:colcon.colcon_core.package_identification:_identify(.) by extension 'colcon_meta'
[0.067s] Level 1:colcon.colcon_core.package_identification:_identify(.) by extensions ['ros']
[0.067s] Level 1:colcon.colcon_core.package_identification:_identify(.) by extension 'ros'
[0.079s] Level 1:colcon.colcon_core.package_identification:_identify(.) by extensions ['cmake', 'python']
[0.079s] Level 1:colcon.colcon_core.package_identification:_identify(.) by extension 'cmake'
[0.079s] Level 1:colcon.colcon_core.package_identification:_identify(.) by extension 'python'
[0.079s] Level 1:colcon.colcon_core.package_identification:_identify(.) by extensions ['python_setup_py']
[0.079s] Level 1:colcon.colcon_core.package_identification:_identify(.) by extension 'python_setup_py'
[0.079s] Level 1:colcon.colcon_core.package_identification:_identify(build) by extensions ['ignore', 'ignore_ament_install']
[0.080s] Level 1:colcon.colcon_core.package_identification:_identify(build) by extension 'ignore'
[0.080s] Level 1:colcon.colcon_core.package_identification:_identify(build) ignored
[0.080s] Level 1:colcon.colcon_core.package_identification:_identify(install) by extensions ['ignore', 'ignore_ament_install']
[0.080s] Level 1:colcon.colcon_core.package_identification:_identify(install) by extension 'ignore'
[0.080s] Level 1:colcon.colcon_core.package_identification:_identify(install) ignored
[0.080s] Level 1:colcon.colcon_core.package_identification:_identify(log) by extensions ['ignore', 'ignore_ament_install']
[0.080s] Level 1:colcon.colcon_core.package_identification:_identify(log) by extension 'ignore'
[0.080s] Level 1:colcon.colcon_core.package_identification:_identify(log) ignored
[0.080s] Level 1:colcon.colcon_core.package_identification:_identify(src) by extensions ['ignore', 'ignore_ament_install']
[0.080s] Level 1:colcon.colcon_core.package_identification:_identify(src) by extension 'ignore'
[0.080s] Level 1:colcon.colcon_core.package_identification:_identify(src) by extension 'ignore_ament_install'
[0.080s] Level 1:colcon.colcon_core.package_identification:_identify(src) by extensions ['colcon_pkg']
[0.080s] Level 1:colcon.colcon_core.package_identification:_identify(src) by extension 'colcon_pkg'
[0.080s] Level 1:colcon.colcon_core.package_identification:_identify(src) by extensions ['colcon_meta']
[0.080s] Level 1:colcon.colcon_core.package_identification:_identify(src) by extension 'colcon_meta'
[0.080s] Level 1:colcon.colcon_core.package_identification:_identify(src) by extensions ['ros']
[0.080s] Level 1:colcon.colcon_core.package_identification:_identify(src) by extension 'ros'
[0.080s] Level 1:colcon.colcon_core.package_identification:_identify(src) by extensions ['cmake', 'python']
[0.080s] Level 1:colcon.colcon_core.package_identification:_identify(src) by extension 'cmake'
[0.080s] Level 1:colcon.colcon_core.package_identification:_identify(src) by extension 'python'
[0.080s] Level 1:colcon.colcon_core.package_identification:_identify(src) by extensions ['python_setup_py']
[0.080s] Level 1:colcon.colcon_core.package_identification:_identify(src) by extension 'python_setup_py'
[0.080s] Level 1:colcon.colcon_core.package_identification:_identify(src/livox_ros_driver2) by extensions ['ignore', 'ignore_ament_install']
[0.080s] Level 1:colcon.colcon_core.package_identification:_identify(src/livox_ros_driver2) by extension 'ignore'
[0.080s] Level 1:colcon.colcon_core.package_identification:_identify(src/livox_ros_driver2) by extension 'ignore_ament_install'
[0.080s] Level 1:colcon.colcon_core.package_identification:_identify(src/livox_ros_driver2) by extensions ['colcon_pkg']
[0.080s] Level 1:colcon.colcon_core.package_identification:_identify(src/livox_ros_driver2) by extension 'colcon_pkg'
[0.080s] Level 1:colcon.colcon_core.package_identification:_identify(src/livox_ros_driver2) by extensions ['colcon_meta']
[0.080s] Level 1:colcon.colcon_core.package_identification:_identify(src/livox_ros_driver2) by extension 'colcon_meta'
[0.080s] Level 1:colcon.colcon_core.package_identification:_identify(src/livox_ros_driver2) by extensions ['ros']
[0.080s] Level 1:colcon.colcon_core.package_identification:_identify(src/livox_ros_driver2) by extension 'ros'
[0.082s] DEBUG:colcon.colcon_core.package_identification:Package 'src/livox_ros_driver2' with type 'ros.ament_cmake' and name 'livox_ros_driver2'
[0.082s] Level 1:colcon.colcon_core.package_discovery:discover_packages(recursive) using defaults
[0.082s] Level 1:colcon.colcon_core.package_discovery:discover_packages(ignore) discover
[0.082s] Level 1:colcon.colcon_core.package_discovery:discover_packages(ignore) using defaults
[0.082s] Level 1:colcon.colcon_core.package_discovery:discover_packages(path) discover
[0.082s] Level 1:colcon.colcon_core.package_discovery:discover_packages(path) using defaults
[0.091s] Level 1:colcon.colcon_core.package_discovery:discover_packages(prefix_path) check parameters
[0.091s] Level 1:colcon.colcon_core.package_discovery:discover_packages(prefix_path) discover
[0.092s] DEBUG:colcon.colcon_installed_package_information.package_discovery:Found 426 installed packages in /opt/ros/jazzy
[0.093s] Level 1:colcon.colcon_core.package_discovery:discover_packages(prefix_path) using defaults
[0.116s] Level 5:colcon.colcon_core.verb:set package 'livox_ros_driver2' build argument 'cmake_args' from command line to '['-DROS_EDITION=ROS2', '-DDISTRO_ROS=jazzy']'
[0.116s] Level 5:colcon.colcon_core.verb:set package 'livox_ros_driver2' build argument 'cmake_target' from command line to 'None'
[0.116s] Level 5:colcon.colcon_core.verb:set package 'livox_ros_driver2' build argument 'cmake_target_skip_unavailable' from command line to 'False'
[0.116s] Level 5:colcon.colcon_core.verb:set package 'livox_ros_driver2' build argument 'cmake_clean_cache' from command line to 'False'
[0.116s] Level 5:colcon.colcon_core.verb:set package 'livox_ros_driver2' build argument 'cmake_clean_first' from command line to 'False'
[0.116s] Level 5:colcon.colcon_core.verb:set package 'livox_ros_driver2' build argument 'cmake_force_configure' from command line to 'False'
[0.116s] Level 5:colcon.colcon_core.verb:set package 'livox_ros_driver2' build argument 'ament_cmake_args' from command line to 'None'
[0.116s] Level 5:colcon.colcon_core.verb:set package 'livox_ros_driver2' build argument 'catkin_cmake_args' from command line to 'None'
[0.116s] Level 5:colcon.colcon_core.verb:set package 'livox_ros_driver2' build argument 'catkin_skip_building_tests' from command line to 'False'
[0.116s] DEBUG:colcon.colcon_core.verb:Building package 'livox_ros_driver2' with the following arguments: {'ament_cmake_args': None, 'build_base': '/home/CNF2025495045/workspace/nav_for_4WS/src/fast_lio/depends/ws_livox/build/livox_ros_driver2', 'catkin_cmake_args': None, 'catkin_skip_building_tests': False, 'cmake_args': ['-DROS_EDITION=ROS2', '-DDISTRO_ROS=jazzy'], 'cmake_clean_cache': False, 'cmake_clean_first': False, 'cmake_force_configure': False, 'cmake_target': None, 'cmake_target_skip_unavailable': False, 'install_base': '/home/CNF2025495045/workspace/nav_for_4WS/src/fast_lio/depends/ws_livox/install/livox_ros_driver2', 'merge_install': False, 'path': '/home/CNF2025495045/workspace/nav_for_4WS/src/fast_lio/depends/ws_livox/src/livox_ros_driver2', 'symlink_install': False, 'test_result_base': None}
[0.116s] INFO:colcon.colcon_core.executor:Executing jobs using 'parallel' executor
[0.117s] DEBUG:colcon.colcon_parallel_executor.executor.parallel:run_until_complete
[0.117s] INFO:colcon.colcon_ros.task.ament_cmake.build:Building ROS package in '/home/CNF2025495045/workspace/nav_for_4WS/src/fast_lio/depends/ws_livox/src/livox_ros_driver2' with build type 'ament_cmake'
[0.117s] INFO:colcon.colcon_cmake.task.cmake.build:Building CMake package in '/home/CNF2025495045/workspace/nav_for_4WS/src/fast_lio/depends/ws_livox/src/livox_ros_driver2'
[0.118s] INFO:colcon.colcon_core.plugin_system:Skipping extension 'colcon_core.shell.bat': Not used on non-Windows systems
[0.118s] INFO:colcon.colcon_core.shell:Skip shell extension 'powershell' for command environment: Not usable outside of PowerShell
[0.118s] DEBUG:colcon.colcon_core.shell:Skip shell extension 'dsv' for command environment
[0.122s] DEBUG:colcon.colcon_core.event_handler.log_command:Invoking command in '/home/CNF2025495045/workspace/nav_for_4WS/src/fast_lio/depends/ws_livox/build/livox_ros_driver2': CMAKE_PREFIX_PATH=${CMAKE_PREFIX_PATH}:/opt/ros/jazzy DEBUGINFOD_URLS=https://debuginfod.ubuntu.com /usr/bin/cmake /home/CNF2025495045/workspace/nav_for_4WS/src/fast_lio/depends/ws_livox/src/livox_ros_driver2 -DROS_EDITION=ROS2 -DDISTRO_ROS=jazzy -DCMAKE_INSTALL_PREFIX=/home/CNF2025495045/workspace/nav_for_4WS/src/fast_lio/depends/ws_livox/install/livox_ros_driver2
[4.333s] DEBUG:colcon.colcon_core.event_handler.log_command:Invoked command in '/home/CNF2025495045/workspace/nav_for_4WS/src/fast_lio/depends/ws_livox/build/livox_ros_driver2' returned '0': CMAKE_PREFIX_PATH=${CMAKE_PREFIX_PATH}:/opt/ros/jazzy DEBUGINFOD_URLS=https://debuginfod.ubuntu.com /usr/bin/cmake /home/CNF2025495045/workspace/nav_for_4WS/src/fast_lio/depends/ws_livox/src/livox_ros_driver2 -DROS_EDITION=ROS2 -DDISTRO_ROS=jazzy -DCMAKE_INSTALL_PREFIX=/home/CNF2025495045/workspace/nav_for_4WS/src/fast_lio/depends/ws_livox/install/livox_ros_driver2
[4.334s] DEBUG:colcon.colcon_core.event_handler.log_command:Invoking command in '/home/CNF2025495045/workspace/nav_for_4WS/src/fast_lio/depends/ws_livox/build/livox_ros_driver2': CMAKE_PREFIX_PATH=${CMAKE_PREFIX_PATH}:/opt/ros/jazzy DEBUGINFOD_URLS=https://debuginfod.ubuntu.com /usr/bin/cmake --build /home/CNF2025495045/workspace/nav_for_4WS/src/fast_lio/depends/ws_livox/build/livox_ros_driver2 -- -j28 -l28
[10.755s] DEBUG:colcon.colcon_core.event_handler.log_command:Invoked command in '/home/CNF2025495045/workspace/nav_for_4WS/src/fast_lio/depends/ws_livox/build/livox_ros_driver2' returned '0': CMAKE_PREFIX_PATH=${CMAKE_PREFIX_PATH}:/opt/ros/jazzy DEBUGINFOD_URLS=https://debuginfod.ubuntu.com /usr/bin/cmake --build /home/CNF2025495045/workspace/nav_for_4WS/src/fast_lio/depends/ws_livox/build/livox_ros_driver2 -- -j28 -l28
[10.764s] DEBUG:colcon.colcon_core.event_handler.log_command:Invoking command in '/home/CNF2025495045/workspace/nav_for_4WS/src/fast_lio/depends/ws_livox/build/livox_ros_driver2': CMAKE_PREFIX_PATH=${CMAKE_PREFIX_PATH}:/opt/ros/jazzy DEBUGINFOD_URLS=https://debuginfod.ubuntu.com /usr/bin/cmake --install /home/CNF2025495045/workspace/nav_for_4WS/src/fast_lio/depends/ws_livox/build/livox_ros_driver2
[10.806s] Level 1:colcon.colcon_core.environment:create_environment_scripts_only(livox_ros_driver2)
[10.806s] DEBUG:colcon.colcon_core.event_handler.log_command:Invoked command in '/home/CNF2025495045/workspace/nav_for_4WS/src/fast_lio/depends/ws_livox/build/livox_ros_driver2' returned '0': CMAKE_PREFIX_PATH=${CMAKE_PREFIX_PATH}:/opt/ros/jazzy DEBUGINFOD_URLS=https://debuginfod.ubuntu.com /usr/bin/cmake --install /home/CNF2025495045/workspace/nav_for_4WS/src/fast_lio/depends/ws_livox/build/livox_ros_driver2
[10.807s] Level 1:colcon.colcon_core.environment:checking '/home/CNF2025495045/workspace/nav_for_4WS/src/fast_lio/depends/ws_livox/install/livox_ros_driver2' for CMake module files
[10.807s] Level 1:colcon.colcon_core.environment:checking '/home/CNF2025495045/workspace/nav_for_4WS/src/fast_lio/depends/ws_livox/install/livox_ros_driver2' for CMake config files
[10.807s] Level 1:colcon.colcon_core.shell:create_environment_hook('livox_ros_driver2', 'cmake_prefix_path')
[10.808s] INFO:colcon.colcon_core.shell:Creating environment hook '/home/CNF2025495045/workspace/nav_for_4WS/src/fast_lio/depends/ws_livox/install/livox_ros_driver2/share/livox_ros_driver2/hook/cmake_prefix_path.ps1'
[10.808s] INFO:colcon.colcon_core.shell:Creating environment descriptor '/home/CNF2025495045/workspace/nav_for_4WS/src/fast_lio/depends/ws_livox/install/livox_ros_driver2/share/livox_ros_driver2/hook/cmake_prefix_path.dsv'
[10.808s] INFO:colcon.colcon_core.shell:Creating environment hook '/home/CNF2025495045/workspace/nav_for_4WS/src/fast_lio/depends/ws_livox/install/livox_ros_driver2/share/livox_ros_driver2/hook/cmake_prefix_path.sh'
[10.808s] Level 1:colcon.colcon_core.environment:checking '/home/CNF2025495045/workspace/nav_for_4WS/src/fast_lio/depends/ws_livox/install/livox_ros_driver2/lib'
[10.809s] Level 1:colcon.colcon_core.shell:create_environment_hook('livox_ros_driver2', 'ld_library_path_lib')
[10.809s] INFO:colcon.colcon_core.shell:Creating environment hook '/home/CNF2025495045/workspace/nav_for_4WS/src/fast_lio/depends/ws_livox/install/livox_ros_driver2/share/livox_ros_driver2/hook/ld_library_path_lib.ps1'
[10.809s] INFO:colcon.colcon_core.shell:Creating environment descriptor '/home/CNF2025495045/workspace/nav_for_4WS/src/fast_lio/depends/ws_livox/install/livox_ros_driver2/share/livox_ros_driver2/hook/ld_library_path_lib.dsv'
[10.809s] INFO:colcon.colcon_core.shell:Creating environment hook '/home/CNF2025495045/workspace/nav_for_4WS/src/fast_lio/depends/ws_livox/install/livox_ros_driver2/share/livox_ros_driver2/hook/ld_library_path_lib.sh'
[10.809s] Level 1:colcon.colcon_core.environment:checking '/home/CNF2025495045/workspace/nav_for_4WS/src/fast_lio/depends/ws_livox/install/livox_ros_driver2/bin'
[10.809s] Level 1:colcon.colcon_core.environment:checking '/home/CNF2025495045/workspace/nav_for_4WS/src/fast_lio/depends/ws_livox/install/livox_ros_driver2/lib/pkgconfig/livox_ros_driver2.pc'
[10.809s] Level 1:colcon.colcon_core.environment:checking '/home/CNF2025495045/workspace/nav_for_4WS/src/fast_lio/depends/ws_livox/install/livox_ros_driver2/lib/python3.12/site-packages'
[10.809s] Level 1:colcon.colcon_core.shell:create_environment_hook('livox_ros_driver2', 'pythonpath')
[10.809s] INFO:colcon.colcon_core.shell:Creating environment hook '/home/CNF2025495045/workspace/nav_for_4WS/src/fast_lio/depends/ws_livox/install/livox_ros_driver2/share/livox_ros_driver2/hook/pythonpath.ps1'
[10.810s] INFO:colcon.colcon_core.shell:Creating environment descriptor '/home/CNF2025495045/workspace/nav_for_4WS/src/fast_lio/depends/ws_livox/install/livox_ros_driver2/share/livox_ros_driver2/hook/pythonpath.dsv'
[10.810s] INFO:colcon.colcon_core.shell:Creating environment hook '/home/CNF2025495045/workspace/nav_for_4WS/src/fast_lio/depends/ws_livox/install/livox_ros_driver2/share/livox_ros_driver2/hook/pythonpath.sh'
[10.810s] Level 1:colcon.colcon_core.environment:checking '/home/CNF2025495045/workspace/nav_for_4WS/src/fast_lio/depends/ws_livox/install/livox_ros_driver2/bin'
[10.810s] INFO:colcon.colcon_core.shell:Creating package script '/home/CNF2025495045/workspace/nav_for_4WS/src/fast_lio/depends/ws_livox/install/livox_ros_driver2/share/livox_ros_driver2/package.ps1'
[10.811s] INFO:colcon.colcon_core.shell:Creating package descriptor '/home/CNF2025495045/workspace/nav_for_4WS/src/fast_lio/depends/ws_livox/install/livox_ros_driver2/share/livox_ros_driver2/package.dsv'
[10.811s] INFO:colcon.colcon_core.shell:Creating package script '/home/CNF2025495045/workspace/nav_for_4WS/src/fast_lio/depends/ws_livox/install/livox_ros_driver2/share/livox_ros_driver2/package.sh'
[10.811s] INFO:colcon.colcon_core.shell:Creating package script '/home/CNF2025495045/workspace/nav_for_4WS/src/fast_lio/depends/ws_livox/install/livox_ros_driver2/share/livox_ros_driver2/package.bash'
[10.811s] INFO:colcon.colcon_core.shell:Creating package script '/home/CNF2025495045/workspace/nav_for_4WS/src/fast_lio/depends/ws_livox/install/livox_ros_driver2/share/livox_ros_driver2/package.zsh'
[10.812s] Level 1:colcon.colcon_core.environment:create_file_with_runtime_dependencies(/home/CNF2025495045/workspace/nav_for_4WS/src/fast_lio/depends/ws_livox/install/livox_ros_driver2/share/colcon-core/packages/livox_ros_driver2)
[10.812s] Level 1:colcon.colcon_core.environment:create_environment_scripts_only(livox_ros_driver2)
[10.812s] Level 1:colcon.colcon_core.environment:checking '/home/CNF2025495045/workspace/nav_for_4WS/src/fast_lio/depends/ws_livox/install/livox_ros_driver2' for CMake module files
[10.812s] Level 1:colcon.colcon_core.environment:checking '/home/CNF2025495045/workspace/nav_for_4WS/src/fast_lio/depends/ws_livox/install/livox_ros_driver2' for CMake config files
[10.813s] Level 1:colcon.colcon_core.shell:create_environment_hook('livox_ros_driver2', 'cmake_prefix_path')
[10.813s] INFO:colcon.colcon_core.shell:Creating environment hook '/home/CNF2025495045/workspace/nav_for_4WS/src/fast_lio/depends/ws_livox/install/livox_ros_driver2/share/livox_ros_driver2/hook/cmake_prefix_path.ps1'
[10.813s] INFO:colcon.colcon_core.shell:Creating environment descriptor '/home/CNF2025495045/workspace/nav_for_4WS/src/fast_lio/depends/ws_livox/install/livox_ros_driver2/share/livox_ros_driver2/hook/cmake_prefix_path.dsv'
[10.813s] INFO:colcon.colcon_core.shell:Creating environment hook '/home/CNF2025495045/workspace/nav_for_4WS/src/fast_lio/depends/ws_livox/install/livox_ros_driver2/share/livox_ros_driver2/hook/cmake_prefix_path.sh'
[10.813s] Level 1:colcon.colcon_core.environment:checking '/home/CNF2025495045/workspace/nav_for_4WS/src/fast_lio/depends/ws_livox/install/livox_ros_driver2/lib'
[10.813s] Level 1:colcon.colcon_core.shell:create_environment_hook('livox_ros_driver2', 'ld_library_path_lib')
[10.813s] INFO:colcon.colcon_core.shell:Creating environment hook '/home/CNF2025495045/workspace/nav_for_4WS/src/fast_lio/depends/ws_livox/install/livox_ros_driver2/share/livox_ros_driver2/hook/ld_library_path_lib.ps1'
[10.814s] INFO:colcon.colcon_core.shell:Creating environment descriptor '/home/CNF2025495045/workspace/nav_for_4WS/src/fast_lio/depends/ws_livox/install/livox_ros_driver2/share/livox_ros_driver2/hook/ld_library_path_lib.dsv'
[10.814s] INFO:colcon.colcon_core.shell:Creating environment hook '/home/CNF2025495045/workspace/nav_for_4WS/src/fast_lio/depends/ws_livox/install/livox_ros_driver2/share/livox_ros_driver2/hook/ld_library_path_lib.sh'
[10.814s] Level 1:colcon.colcon_core.environment:checking '/home/CNF2025495045/workspace/nav_for_4WS/src/fast_lio/depends/ws_livox/install/livox_ros_driver2/bin'
[10.814s] Level 1:colcon.colcon_core.environment:checking '/home/CNF2025495045/workspace/nav_for_4WS/src/fast_lio/depends/ws_livox/install/livox_ros_driver2/lib/pkgconfig/livox_ros_driver2.pc'
[10.814s] Level 1:colcon.colcon_core.environment:checking '/home/CNF2025495045/workspace/nav_for_4WS/src/fast_lio/depends/ws_livox/install/livox_ros_driver2/lib/python3.12/site-packages'
[10.814s] Level 1:colcon.colcon_core.shell:create_environment_hook('livox_ros_driver2', 'pythonpath')
[10.814s] INFO:colcon.colcon_core.shell:Creating environment hook '/home/CNF2025495045/workspace/nav_for_4WS/src/fast_lio/depends/ws_livox/install/livox_ros_driver2/share/livox_ros_driver2/hook/pythonpath.ps1'
[10.814s] INFO:colcon.colcon_core.shell:Creating environment descriptor '/home/CNF2025495045/workspace/nav_for_4WS/src/fast_lio/depends/ws_livox/install/livox_ros_driver2/share/livox_ros_driver2/hook/pythonpath.dsv'
[10.814s] INFO:colcon.colcon_core.shell:Creating environment hook '/home/CNF2025495045/workspace/nav_for_4WS/src/fast_lio/depends/ws_livox/install/livox_ros_driver2/share/livox_ros_driver2/hook/pythonpath.sh'
[10.815s] Level 1:colcon.colcon_core.environment:checking '/home/CNF2025495045/workspace/nav_for_4WS/src/fast_lio/depends/ws_livox/install/livox_ros_driver2/bin'
[10.815s] INFO:colcon.colcon_core.shell:Creating package script '/home/CNF2025495045/workspace/nav_for_4WS/src/fast_lio/depends/ws_livox/install/livox_ros_driver2/share/livox_ros_driver2/package.ps1'
[10.815s] INFO:colcon.colcon_core.shell:Creating package descriptor '/home/CNF2025495045/workspace/nav_for_4WS/src/fast_lio/depends/ws_livox/install/livox_ros_driver2/share/livox_ros_driver2/package.dsv'
[10.815s] INFO:colcon.colcon_core.shell:Creating package script '/home/CNF2025495045/workspace/nav_for_4WS/src/fast_lio/depends/ws_livox/install/livox_ros_driver2/share/livox_ros_driver2/package.sh'
[10.816s] INFO:colcon.colcon_core.shell:Creating package script '/home/CNF2025495045/workspace/nav_for_4WS/src/fast_lio/depends/ws_livox/install/livox_ros_driver2/share/livox_ros_driver2/package.bash'
[10.816s] INFO:colcon.colcon_core.shell:Creating package script '/home/CNF2025495045/workspace/nav_for_4WS/src/fast_lio/depends/ws_livox/install/livox_ros_driver2/share/livox_ros_driver2/package.zsh'
[10.816s] Level 1:colcon.colcon_core.environment:create_file_with_runtime_dependencies(/home/CNF2025495045/workspace/nav_for_4WS/src/fast_lio/depends/ws_livox/install/livox_ros_driver2/share/colcon-core/packages/livox_ros_driver2)
[10.816s] DEBUG:colcon.colcon_parallel_executor.executor.parallel:closing loop
[10.816s] DEBUG:colcon.colcon_parallel_executor.executor.parallel:loop closed
[10.816s] DEBUG:colcon.colcon_parallel_executor.executor.parallel:run_until_complete finished with '0'
[10.816s] DEBUG:colcon.colcon_core.event_reactor:joining thread
[10.819s] INFO:colcon.colcon_core.plugin_system:Skipping extension 'colcon_notification.desktop_notification.terminal_notifier': Not used on non-Darwin systems
[10.819s] INFO:colcon.colcon_core.plugin_system:Skipping extension 'colcon_notification.desktop_notification.win32': Not used on non-Windows systems
[10.819s] INFO:colcon.colcon_notification.desktop_notification:Sending desktop notification using 'notify2'
[10.828s] DEBUG:colcon.colcon_core.event_reactor:joined thread
[10.828s] INFO:colcon.colcon_core.shell:Creating prefix script '/home/CNF2025495045/workspace/nav_for_4WS/src/fast_lio/depends/ws_livox/install/local_setup.ps1'
[10.829s] INFO:colcon.colcon_core.shell:Creating prefix util module '/home/CNF2025495045/workspace/nav_for_4WS/src/fast_lio/depends/ws_livox/install/_local_setup_util_ps1.py'
[10.829s] INFO:colcon.colcon_core.shell:Creating prefix chain script '/home/CNF2025495045/workspace/nav_for_4WS/src/fast_lio/depends/ws_livox/install/setup.ps1'
[10.830s] INFO:colcon.colcon_core.shell:Creating prefix script '/home/CNF2025495045/workspace/nav_for_4WS/src/fast_lio/depends/ws_livox/install/local_setup.sh'
[10.830s] INFO:colcon.colcon_core.shell:Creating prefix util module '/home/CNF2025495045/workspace/nav_for_4WS/src/fast_lio/depends/ws_livox/install/_local_setup_util_sh.py'
[10.830s] INFO:colcon.colcon_core.shell:Creating prefix chain script '/home/CNF2025495045/workspace/nav_for_4WS/src/fast_lio/depends/ws_livox/install/setup.sh'
[10.830s] INFO:colcon.colcon_core.shell:Creating prefix script '/home/CNF2025495045/workspace/nav_for_4WS/src/fast_lio/depends/ws_livox/install/local_setup.bash'
[10.831s] INFO:colcon.colcon_core.shell:Creating prefix chain script '/home/CNF2025495045/workspace/nav_for_4WS/src/fast_lio/depends/ws_livox/install/setup.bash'
[10.831s] INFO:colcon.colcon_core.shell:Creating prefix script '/home/CNF2025495045/workspace/nav_for_4WS/src/fast_lio/depends/ws_livox/install/local_setup.zsh'
[10.831s] INFO:colcon.colcon_core.shell:Creating prefix chain script '/home/CNF2025495045/workspace/nav_for_4WS/src/fast_lio/depends/ws_livox/install/setup.zsh'
